<?xml version="1.0" encoding="UTF-8"?>
<testsuite name="application.ParserTest" tests="5" skipped="0" failures="0" errors="0" timestamp="2022-01-23T13:40:38" hostname="LAPTOP-6CG9LQG4" time="0.131">
  <properties/>
  <testcase name="Error should be thrown in larger files too" classname="application.ParserTest" time="0.031"/>
  <testcase name="Check if the correct exception is thrown }" classname="application.ParserTest" time="0.005"/>
  <testcase name="Check if the correct exception is thrown {" classname="application.ParserTest" time="0.002"/>
  <testcase name="[1] correct_sample.txt" classname="application.ParserTest" time="0.038"/>
  <testcase name="[2] larger_correct.txt" classname="application.ParserTest" time="0.006"/>
  <system-out><![CDATA[{
    {
        {
            {
                {
                    {
                        {
                            {
                                {

                                }
                            }
                        }
                    }

            }
        }
   }
}
{{}
{
    {
        {}
    }
}
0
{
    {
        {
            {
                {
                    {
                        {
                            {
                                {

                                }
                            }
                        }
                    }
                }
            }
        }
   }
}
0
]]></system-out>
  <system-err><![CDATA[]]></system-err>
</testsuite>
